\BOOKMARK [1][-]{section.1}{\376\377\000I\000n\000t\000r\000o\000d\000u\000c\000t\000i\000o\000n}{}% 1
\BOOKMARK [1][-]{section.2}{\376\377\000C\000o\000m\000p\000r\000e\000s\000s\000i\000v\000e\000\040\000C\000a\000p\000t\000u\000r\000e\000\040\000a\000n\000d\000\040\000t\000h\000e\000\040\000E\000x\000t\000e\000r\000n\000a\000l\000i\000z\000a\000t\000i\000o\000n\000\040\000o\000f\000\040\000G\000r\000a\000m\000m\000a\000r}{}% 2
\BOOKMARK [2][-]{subsection.2.1}{\376\377\000A\000r\000t\000i\000f\000a\000c\000t\000s\000\040\000a\000n\000d\000\040\000E\000x\000t\000e\000r\000n\000a\000l\000\040\000K\000e\000y\000s}{section.2}% 3
\BOOKMARK [2][-]{subsection.2.2}{\376\377\000C\000o\000m\000p\000r\000e\000s\000s\000i\000o\000n\000\040\000a\000s\000\040\000D\000e\000s\000i\000g\000n\000\040\000I\000m\000p\000e\000r\000a\000t\000i\000v\000e}{section.2}% 4
\BOOKMARK [2][-]{subsection.2.3}{\376\377\000C\000o\000m\000p\000r\000e\000s\000s\000i\000v\000e\000\040\000C\000a\000p\000t\000u\000r\000e}{section.2}% 5
\BOOKMARK [2][-]{subsection.2.4}{\376\377\000T\000h\000e\000\040\000I\000n\000s\000t\000a\000b\000i\000l\000i\000t\000y\000\040\000o\000f\000\040\000E\000x\000t\000e\000r\000n\000a\000l\000i\000z\000e\000d\000\040\000G\000r\000a\000m\000m\000a\000r}{section.2}% 6
\BOOKMARK [2][-]{subsection.2.5}{\376\377\000T\000o\000w\000a\000r\000d\000\040\000E\000m\000b\000e\000d\000d\000e\000d\000\040\000I\000n\000t\000e\000r\000p\000r\000e\000t\000a\000t\000i\000o\000n}{section.2}% 7
\BOOKMARK [1][-]{section.3}{\376\377\000T\000h\000e\000\040\000G\000e\000o\000m\000e\000t\000r\000y\000\040\000o\000f\000\040\000T\000r\000u\000s\000t\000:\000\040\000T\000h\000e\000\040\000S\000p\000h\000e\000r\000i\000c\000a\000l\000\040\000S\000e\000l\000e\000c\000t\000o\000r}{}% 8
\BOOKMARK [2][-]{subsection.3.1}{\376\377\000T\000h\000e\000\040\000C\000a\000n\000o\000n\000i\000c\000a\000l\000\040\000E\000x\000a\000m\000p\000l\000e\000:\000\040\000T\000h\000e\000\040\000Q\000u\000a\000d\000-\000R\000i\000n\000g\000\040\000S\000p\000h\000e\000r\000e}{section.3}% 9
\BOOKMARK [2][-]{subsection.3.2}{\376\377\000H\000o\000l\000o\000g\000r\000a\000p\000h\000i\000c\000\040\000R\000e\000c\000o\000v\000e\000r\000a\000b\000i\000l\000i\000t\000y}{section.3}% 10
\BOOKMARK [2][-]{subsection.3.3}{\376\377\000A\000l\000i\000g\000n\000m\000e\000n\000t\000\040\000I\000m\000p\000l\000i\000c\000a\000t\000i\000o\000n\000s}{section.3}% 11
\BOOKMARK [2][-]{subsection.3.4}{\376\377\000D\000e\000s\000i\000g\000n\000\040\000P\000r\000i\000n\000c\000i\000p\000l\000e}{section.3}% 12
\BOOKMARK [1][-]{section.4}{\376\377\000S\000e\000l\000e\000c\000t\000o\000r\000\040\000F\000i\000e\000l\000d\000s\000\040\000a\000n\000d\000\040\000t\000h\000e\000\040\000T\000o\000l\000e\000r\000a\000n\000c\000e\000\040\000M\000a\000n\000i\000f\000o\000l\000d}{}% 13
\BOOKMARK [2][-]{subsection.4.1}{\376\377\000F\000u\000n\000c\000t\000i\000o\000n\000a\000l\000\040\000E\000n\000v\000e\000l\000o\000p\000e\000\040\000a\000n\000d\000\040\000T\000o\000l\000e\000r\000a\000n\000c\000e\000\040\000M\000a\000n\000i\000f\000o\000l\000d}{section.4}% 14
\BOOKMARK [2][-]{subsection.4.2}{\376\377\000D\000e\000f\000i\000n\000i\000t\000i\000o\000n\000\040\000o\000f\000\040\000a\000\040\000S\000e\000l\000e\000c\000t\000o\000r\000\040\000F\000i\000e\000l\000d}{section.4}% 15
\BOOKMARK [2][-]{subsection.4.3}{\376\377\000R\000e\000c\000o\000v\000e\000r\000a\000b\000i\000l\000i\000t\000y\000\040\000C\000o\000n\000s\000t\000r\000a\000i\000n\000t}{section.4}% 16
\BOOKMARK [2][-]{subsection.4.4}{\376\377\000L\000a\000y\000e\000r\000e\000d\000\040\000I\000n\000t\000e\000r\000p\000r\000e\000t\000a\000b\000i\000l\000i\000t\000y}{section.4}% 17
\BOOKMARK [2][-]{subsection.4.5}{\376\377\000S\000l\000a\000c\000k\000\040\000a\000s\000\040\000C\000h\000a\000n\000n\000e\000l\000\040\000C\000a\000p\000a\000c\000i\000t\000y}{section.4}% 18
\BOOKMARK [2][-]{subsection.4.6}{\376\377\000A\000l\000i\000g\000n\000m\000e\000n\000t\000\040\000C\000o\000n\000s\000e\000q\000u\000e\000n\000c\000e}{section.4}% 19
\BOOKMARK [1][-]{section.5}{\376\377\000S\000e\000l\000e\000c\000t\000o\000r\000\040\000F\000i\000e\000l\000d\000s\000\040\000a\000n\000d\000\040\000C\000i\000v\000i\000l\000i\000z\000a\000t\000i\000o\000n\000a\000l\000\040\000G\000e\000o\000m\000e\000t\000r\000y}{}% 20
\BOOKMARK [2][-]{subsection.5.1}{\376\377\000D\000i\000m\000e\000n\000s\000i\000o\000n\000a\000l\000\040\000C\000o\000n\000t\000r\000o\000l\000\040\000S\000u\000r\000f\000a\000c\000e\000s}{section.5}% 21
\BOOKMARK [2][-]{subsection.5.2}{\376\377\000A\000l\000i\000g\000n\000m\000e\000n\000t\000\040\000U\000n\000d\000e\000r\000\040\000T\000e\000m\000p\000o\000r\000a\000l\000\040\000A\000s\000y\000m\000m\000e\000t\000r\000y}{section.5}% 22
\BOOKMARK [2][-]{subsection.5.3}{\376\377\000O\000p\000a\000c\000i\000t\000y\000\040\000a\000s\000\040\000C\000o\000m\000p\000r\000e\000s\000s\000i\000o\000n}{section.5}% 23
\BOOKMARK [2][-]{subsection.5.4}{\376\377\000D\000i\000s\000t\000r\000i\000b\000u\000t\000e\000d\000\040\000D\000a\000m\000p\000i\000n\000g}{section.5}% 24
\BOOKMARK [2][-]{subsection.5.5}{\376\377\000I\000n\000c\000o\000m\000p\000r\000e\000s\000s\000i\000b\000i\000l\000i\000t\000y\000\040\000a\000s\000\040\000P\000e\000r\000s\000i\000s\000t\000e\000n\000c\000e\000\040\000o\000f\000\040\000L\000e\000g\000i\000b\000i\000l\000i\000t\000y}{section.5}% 25
\BOOKMARK [2][-]{subsection.5.6}{\376\377\000R\000e\000f\000r\000a\000m\000i\000n\000g\000\040\000R\000o\000b\000u\000s\000t\000n\000e\000s\000s}{section.5}% 26
\BOOKMARK [2][-]{subsection.5.7}{\376\377\000A\000l\000i\000g\000n\000m\000e\000n\000t\000\040\000a\000s\000\040\000G\000e\000o\000m\000e\000t\000r\000i\000c\000\040\000C\000o\000n\000s\000t\000r\000a\000i\000n\000t}{section.5}% 27
\BOOKMARK [1][-]{section.6}{\376\377\000T\000h\000e\000r\000m\000o\000v\000a\000r\000i\000a\000b\000l\000e\000\040\000M\000e\000m\000b\000r\000a\000n\000e\000s\000\040\000a\000n\000d\000\040\000W\000e\000a\000r\000a\000b\000l\000e\000\040\000C\000o\000n\000t\000r\000o\000l\000\040\000S\000u\000r\000f\000a\000c\000e\000s}{}% 28
\BOOKMARK [2][-]{subsection.6.1}{\376\377\000B\000i\000m\000e\000t\000a\000l\000l\000i\000c\000\040\000W\000e\000a\000v\000e\000s\000\040\000a\000s\000\040\000M\000e\000c\000h\000a\000n\000i\000c\000a\000l\000\040\000L\000o\000g\000i\000c}{section.6}% 29
\BOOKMARK [2][-]{subsection.6.2}{\376\377\000E\000m\000b\000e\000d\000d\000e\000d\000\040\000T\000h\000e\000r\000m\000a\000l\000\040\000a\000n\000d\000\040\000F\000l\000u\000i\000d\000i\000c\000\040\000G\000a\000r\000m\000e\000n\000t\000s}{section.6}% 30
\BOOKMARK [2][-]{subsection.6.3}{\376\377\000H\000o\000m\000e\000o\000s\000t\000a\000t\000i\000c\000\040\000S\000o\000v\000e\000r\000e\000i\000g\000n\000t\000y}{section.6}% 31
\BOOKMARK [2][-]{subsection.6.4}{\376\377\000F\000a\000i\000l\000u\000r\000e\000\040\000M\000o\000d\000e\000s\000\040\000a\000n\000d\000\040\000I\000n\000t\000e\000r\000p\000r\000e\000t\000i\000v\000e\000\040\000R\000o\000b\000u\000s\000t\000n\000e\000s\000s}{section.6}% 32
\BOOKMARK [2][-]{subsection.6.5}{\376\377\000T\000h\000e\000\040\000B\000l\000a\000c\000k\000-\000B\000o\000x\000\040\000S\000a\000f\000e\000t\000y\000\040\000T\000a\000x}{section.6}% 33
\BOOKMARK [2][-]{subsection.6.6}{\376\377\000D\000i\000d\000a\000c\000t\000i\000c\000\040\000S\000u\000r\000f\000a\000c\000e\000s}{section.6}% 34
\BOOKMARK [1][-]{section.7}{\376\377\000C\000r\000i\000s\000i\000s\000\040\000G\000e\000o\000m\000e\000t\000r\000y\000:\000\040\000S\000e\000l\000e\000c\000t\000o\000r\000\040\000F\000i\000e\000l\000d\000s\000\040\000U\000n\000d\000e\000r\000\040\000I\000n\000f\000r\000a\000s\000t\000r\000u\000c\000t\000u\000r\000e\000\040\000F\000a\000i\000l\000u\000r\000e}{}% 35
\BOOKMARK [2][-]{subsection.7.1}{\376\377\000S\000c\000e\000n\000a\000r\000i\000o\000:\000\040\000H\000e\000a\000t\000w\000a\000v\000e\000\040\000a\000n\000d\000\040\000N\000e\000t\000w\000o\000r\000k\000\040\000F\000a\000i\000l\000u\000r\000e}{section.7}% 36
\BOOKMARK [2][-]{subsection.7.2}{\376\377\000C\000o\000n\000t\000r\000o\000l\000\040\000S\000u\000r\000f\000a\000c\000e\000\040\000C\000o\000l\000l\000a\000p\000s\000e}{section.7}% 37
\BOOKMARK [2][-]{subsection.7.3}{\376\377\000S\000e\000l\000e\000c\000t\000o\000r\000-\000F\000i\000e\000l\000d\000\040\000P\000e\000r\000s\000i\000s\000t\000e\000n\000c\000e}{section.7}% 38
\BOOKMARK [2][-]{subsection.7.4}{\376\377\000G\000r\000a\000c\000e\000f\000u\000l\000\040\000D\000e\000g\000r\000a\000d\000a\000t\000i\000o\000n}{section.7}% 39
\BOOKMARK [2][-]{subsection.7.5}{\376\377\000S\000u\000p\000p\000l\000y\000\040\000C\000h\000a\000i\000n\000\040\000D\000i\000s\000r\000u\000p\000t\000i\000o\000n}{section.7}% 40
\BOOKMARK [2][-]{subsection.7.6}{\376\377\000T\000h\000e\000r\000m\000o\000d\000y\000n\000a\000m\000i\000c\000\040\000S\000t\000a\000b\000i\000l\000i\000t\000y\000\040\000a\000n\000d\000\040\000I\000n\000t\000e\000r\000p\000r\000e\000t\000i\000v\000e\000\040\000E\000n\000t\000r\000o\000p\000y}{section.7}% 41
\BOOKMARK [2][-]{subsection.7.7}{\376\377\000C\000r\000i\000s\000i\000s\000\040\000C\000o\000n\000c\000l\000u\000s\000i\000o\000n}{section.7}% 42
\BOOKMARK [1][-]{section.8}{\376\377\000R\000e\000c\000o\000v\000e\000r\000a\000b\000l\000e\000\040\000I\000n\000f\000o\000r\000m\000a\000t\000i\000o\000n\000\040\000D\000e\000n\000s\000i\000t\000y}{}% 43
\BOOKMARK [2][-]{subsection.8.1}{\376\377\000T\000o\000t\000a\000l\000\040\000G\000e\000n\000e\000r\000a\000t\000i\000v\000e\000\040\000I\000n\000f\000o\000r\000m\000a\000t\000i\000o\000n}{section.8}% 44
\BOOKMARK [2][-]{subsection.8.2}{\376\377\000R\000e\000c\000o\000v\000e\000r\000a\000b\000l\000e\000\040\000I\000n\000f\000o\000r\000m\000a\000t\000i\000o\000n}{section.8}% 45
\BOOKMARK [2][-]{subsection.8.3}{\376\377\000D\000e\000f\000i\000n\000i\000t\000i\000o\000n\000\040\000o\000f\000\040\000R\000I\000D}{section.8}% 46
\BOOKMARK [2][-]{subsection.8.4}{\376\377\000R\000I\000D\000\040\000a\000n\000d\000\040\000D\000i\000m\000e\000n\000s\000i\000o\000n\000a\000l\000\040\000C\000o\000n\000t\000r\000o\000l}{section.8}% 47
\BOOKMARK [2][-]{subsection.8.5}{\376\377\000T\000h\000e\000\040\000B\000l\000a\000c\000k\000-\000B\000o\000x\000\040\000T\000a\000x}{section.8}% 48
\BOOKMARK [2][-]{subsection.8.6}{\376\377\000D\000e\000g\000r\000a\000d\000a\000t\000i\000o\000n\000\040\000a\000n\000d\000\040\000R\000I\000D\000\040\000P\000e\000r\000s\000i\000s\000t\000e\000n\000c\000e}{section.8}% 49
\BOOKMARK [2][-]{subsection.8.7}{\376\377\000R\000I\000D\000\040\000a\000s\000\040\000a\000\040\000R\000e\000g\000u\000l\000a\000t\000o\000r\000y\000\040\000M\000e\000t\000r\000i\000c}{section.8}% 50
\BOOKMARK [1][-]{section.9}{\376\377\000A\000n\000\040\000A\000l\000i\000g\000n\000m\000e\000n\000t\000\040\000S\000t\000a\000b\000i\000l\000i\000t\000y\000\040\000T\000h\000e\000o\000r\000e\000m}{}% 51
\BOOKMARK [2][-]{subsection.9.1}{\376\377\000S\000e\000t\000u\000p}{section.9}% 52
\BOOKMARK [2][-]{subsection.9.2}{\376\377\000A\000\040\000C\000o\000n\000t\000a\000i\000n\000m\000e\000n\000t\000\040\000C\000o\000n\000s\000t\000r\000a\000i\000n\000t}{section.9}% 53
\BOOKMARK [2][-]{subsection.9.3}{\376\377\000T\000h\000e\000o\000r\000e\000m\000:\000\040\000L\000e\000g\000i\000b\000i\000l\000i\000t\000y\000\040\000I\000n\000c\000r\000e\000a\000s\000e\000s\000\040\000t\000h\000e\000\040\000S\000t\000a\000b\000i\000l\000i\000t\000y\000\040\000M\000a\000r\000g\000i\000n}{section.9}% 54
\BOOKMARK [2][-]{subsection.9.4}{\376\377\000C\000o\000r\000o\000l\000l\000a\000r\000i\000e\000s}{section.9}% 55
\BOOKMARK [2][-]{subsection.9.5}{\376\377\000I\000n\000t\000e\000r\000p\000r\000e\000t\000a\000t\000i\000o\000n}{section.9}% 56
\BOOKMARK [2][-]{subsection.9.6}{\376\377\000D\000e\000s\000i\000g\000n\000\040\000a\000n\000d\000\040\000P\000o\000l\000i\000c\000y\000\040\000I\000m\000p\000l\000i\000c\000a\000t\000i\000o\000n}{section.9}% 57
\BOOKMARK [1][-]{section.10}{\376\377\000D\000o\000m\000e\000s\000t\000i\000c\000\040\000A\000p\000p\000l\000i\000a\000n\000c\000e\000s\000\040\000a\000n\000d\000\040\000E\000v\000e\000r\000y\000d\000a\000y\000\040\000I\000n\000c\000o\000m\000p\000r\000e\000s\000s\000i\000b\000i\000l\000i\000t\000y}{}% 58
\BOOKMARK [2][-]{subsection.10.1}{\376\377\000M\000i\000l\000k\000\040\000a\000n\000d\000\040\000Y\000o\000g\000u\000r\000t\000\040\000S\000y\000s\000t\000e\000m\000s}{section.10}% 59
\BOOKMARK [3][-]{subsubsection.10.1.1}{\376\377\000S\000e\000l\000e\000c\000t\000o\000r\000-\000F\000i\000e\000l\000d\000\040\000F\000e\000r\000m\000e\000n\000t\000a\000t\000i\000o\000n}{subsection.10.1}% 60
\BOOKMARK [2][-]{subsection.10.2}{\376\377\000T\000o\000i\000l\000e\000t\000\040\000P\000a\000p\000e\000r\000\040\000a\000n\000d\000\040\000M\000a\000t\000e\000r\000i\000a\000l\000\040\000P\000r\000o\000v\000e\000n\000a\000n\000c\000e}{section.10}% 61
\BOOKMARK [2][-]{subsection.10.3}{\376\377\000F\000r\000o\000m\000\040\000C\000o\000n\000s\000u\000m\000e\000r\000\040\000t\000o\000\040\000M\000a\000i\000n\000t\000a\000i\000n\000e\000r}{section.10}% 62
\BOOKMARK [2][-]{subsection.10.4}{\376\377\000D\000i\000m\000e\000n\000s\000i\000o\000n\000a\000l\000\040\000P\000o\000v\000e\000r\000t\000y\000\040\000i\000n\000\040\000t\000h\000e\000\040\000H\000o\000m\000e}{section.10}% 63
\BOOKMARK [2][-]{subsection.10.5}{\376\377\000E\000v\000e\000r\000y\000d\000a\000y\000\040\000A\000l\000i\000g\000n\000m\000e\000n\000t}{section.10}% 64
\BOOKMARK [1][-]{section.11}{\376\377\000D\000i\000m\000e\000n\000s\000i\000o\000n\000a\000l\000\040\000P\000o\000v\000e\000r\000t\000y}{}% 65
\BOOKMARK [2][-]{subsection.11.1}{\376\377\000H\000o\000u\000s\000e\000h\000o\000l\000d\000\040\000C\000o\000n\000t\000r\000o\000l\000\040\000S\000u\000r\000f\000a\000c\000e}{section.11}% 66
\BOOKMARK [2][-]{subsection.11.2}{\376\377\000D\000e\000f\000i\000n\000i\000t\000i\000o\000n\000\040\000o\000f\000\040\000D\000i\000m\000e\000n\000s\000i\000o\000n\000a\000l\000\040\000P\000o\000v\000e\000r\000t\000y}{section.11}% 67
\BOOKMARK [2][-]{subsection.11.3}{\376\377\000S\000y\000s\000t\000e\000m\000i\000c\000\040\000A\000m\000p\000l\000i\000f\000i\000c\000a\000t\000i\000o\000n}{section.11}% 68
\BOOKMARK [2][-]{subsection.11.4}{\376\377\000D\000i\000m\000e\000n\000s\000i\000o\000n\000a\000l\000\040\000I\000n\000e\000q\000u\000a\000l\000i\000t\000y}{section.11}% 69
\BOOKMARK [2][-]{subsection.11.5}{\376\377\000D\000i\000m\000e\000n\000s\000i\000o\000n\000a\000l\000\040\000P\000o\000v\000e\000r\000t\000y\000\040\000a\000n\000d\000\040\000t\000h\000e\000\040\000B\000l\000a\000c\000k\000-\000B\000o\000x\000\040\000T\000a\000x}{section.11}% 70
\BOOKMARK [2][-]{subsection.11.6}{\376\377\000A\000l\000i\000g\000n\000m\000e\000n\000t\000\040\000a\000s\000\040\000a\000\040\000C\000i\000v\000i\000l\000\040\000L\000i\000b\000e\000r\000t\000y}{section.11}% 71
\BOOKMARK [1][-]{section.12}{\376\377\000O\000p\000a\000q\000u\000e\000\040\000a\000n\000d\000\040\000H\000y\000p\000e\000r\000p\000l\000e\000o\000n\000a\000s\000t\000i\000c\000\040\000E\000c\000o\000n\000o\000m\000i\000e\000s}{}% 72
\BOOKMARK [2][-]{subsection.12.1}{\376\377\000A\000g\000g\000r\000e\000g\000a\000t\000e\000\040\000D\000i\000m\000e\000n\000s\000i\000o\000n\000a\000l\000\040\000C\000o\000n\000t\000r\000o\000l}{section.12}% 73
\BOOKMARK [2][-]{subsection.12.2}{\376\377\000O\000p\000t\000i\000m\000i\000z\000a\000t\000i\000o\000n\000\040\000P\000r\000e\000s\000s\000u\000r\000e}{section.12}% 74
\BOOKMARK [2][-]{subsection.12.3}{\376\377\000F\000a\000i\000l\000u\000r\000e\000\040\000T\000o\000p\000o\000l\000o\000g\000y}{section.12}% 75
\BOOKMARK [2][-]{subsection.12.4}{\376\377\000E\000c\000o\000n\000o\000m\000i\000c\000\040\000V\000a\000l\000u\000e\000\040\000M\000i\000g\000r\000a\000t\000i\000o\000n}{section.12}% 76
\BOOKMARK [2][-]{subsection.12.5}{\376\377\000T\000h\000e\000\040\000B\000l\000a\000c\000k\000-\000B\000o\000x\000\040\000T\000a\000x\000\040\000a\000s\000\040\000E\000x\000t\000e\000r\000n\000a\000l\000i\000t\000y}{section.12}% 77
\BOOKMARK [2][-]{subsection.12.6}{\376\377\000S\000t\000a\000b\000i\000l\000i\000t\000y\000\040\000C\000u\000r\000v\000e\000s}{section.12}% 78
\BOOKMARK [1][-]{section.13}{\376\377\000S\000l\000a\000c\000k\000,\000\040\000N\000o\000i\000s\000e\000,\000\040\000a\000n\000d\000\040\000A\000g\000e\000n\000c\000y}{}% 79
\BOOKMARK [2][-]{subsection.13.1}{\376\377\000T\000h\000e\000\040\000S\000u\000p\000p\000r\000e\000s\000s\000i\000o\000n\000\040\000o\000f\000\040\000S\000l\000a\000c\000k}{section.13}% 80
\BOOKMARK [2][-]{subsection.13.2}{\376\377\000N\000o\000i\000s\000e\000\040\000a\000s\000\040\000M\000e\000m\000o\000r\000y}{section.13}% 81
\BOOKMARK [2][-]{subsection.13.3}{\376\377\000A\000g\000e\000n\000c\000y\000\040\000W\000i\000t\000h\000i\000n\000\040\000t\000h\000e\000\040\000T\000o\000l\000e\000r\000a\000n\000c\000e\000\040\000M\000a\000n\000i\000f\000o\000l\000d}{section.13}% 82
\BOOKMARK [2][-]{subsection.13.4}{\376\377\000E\000n\000t\000r\000o\000p\000y\000\040\000a\000n\000d\000\040\000I\000n\000t\000e\000r\000p\000r\000e\000t\000a\000t\000i\000o\000n}{section.13}% 83
\BOOKMARK [2][-]{subsection.13.5}{\376\377\000A\000l\000i\000g\000n\000m\000e\000n\000t\000\040\000R\000e\000c\000o\000n\000s\000i\000d\000e\000r\000e\000d}{section.13}% 84
\BOOKMARK [2][-]{subsection.13.6}{\376\377\000T\000h\000e\000\040\000R\000e\000f\000u\000s\000a\000l\000\040\000t\000o\000\040\000B\000e\000c\000o\000m\000e\000\040\000M\000u\000t\000e}{section.13}% 85
\BOOKMARK [2][-]{subsection.13.7}{\376\377\000C\000o\000n\000c\000l\000u\000s\000i\000o\000n}{section.13}% 86
\BOOKMARK [1][-]{appendix.A}{\376\377\000A\000l\000g\000o\000r\000i\000t\000h\000m\000i\000c\000\040\000I\000n\000f\000o\000r\000m\000a\000t\000i\000o\000n\000\040\000a\000n\000d\000\040\000G\000e\000n\000e\000r\000a\000t\000i\000v\000e\000\040\000C\000o\000m\000p\000r\000e\000s\000s\000i\000o\000n}{}% 87
\BOOKMARK [2][-]{subsection.A.1}{\376\377\000K\000o\000l\000m\000o\000g\000o\000r\000o\000v\000\040\000C\000o\000m\000p\000l\000e\000x\000i\000t\000y\000\040\000o\000f\000\040\000G\000e\000n\000e\000r\000a\000t\000i\000v\000e\000\040\000G\000r\000a\000m\000m\000a\000r}{appendix.A}% 88
\BOOKMARK [2][-]{subsection.A.2}{\376\377\000E\000x\000t\000e\000r\000n\000a\000l\000i\000z\000e\000d\000\040\000C\000o\000m\000p\000r\000e\000s\000s\000i\000o\000n}{appendix.A}% 89
\BOOKMARK [2][-]{subsection.A.3}{\376\377\000S\000e\000l\000e\000c\000t\000o\000r\000\040\000F\000i\000e\000l\000d\000s\000\040\000a\000s\000\040\000P\000a\000r\000t\000i\000a\000l\000\040\000P\000r\000o\000g\000r\000a\000m\000s}{appendix.A}% 90
\BOOKMARK [2][-]{subsection.A.4}{\376\377\000A\000l\000g\000o\000r\000i\000t\000h\000m\000i\000c\000\040\000I\000n\000c\000o\000m\000p\000r\000e\000s\000s\000i\000b\000i\000l\000i\000t\000y\000\040\000a\000n\000d\000\040\000C\000i\000v\000i\000c\000\040\000S\000t\000a\000b\000i\000l\000i\000t\000y}{appendix.A}% 91
\BOOKMARK [2][-]{subsection.A.5}{\376\377\000C\000o\000m\000p\000r\000e\000s\000s\000i\000o\000n\000,\000\040\000O\000p\000t\000i\000m\000i\000z\000a\000t\000i\000o\000n\000,\000\040\000a\000n\000d\000\040\000C\000o\000l\000l\000a\000p\000s\000e}{appendix.A}% 92
\BOOKMARK [1][-]{appendix.B}{\376\377\000M\000i\000n\000i\000m\000u\000m\000\040\000D\000e\000s\000c\000r\000i\000p\000t\000i\000o\000n\000\040\000L\000e\000n\000g\000t\000h\000\040\000a\000n\000d\000\040\000T\000e\000m\000p\000l\000a\000t\000e\000\040\000L\000i\000b\000r\000a\000r\000i\000e\000s}{}% 93
\BOOKMARK [2][-]{subsection.B.1}{\376\377\000T\000e\000m\000p\000l\000a\000t\000e\000\040\000L\000i\000b\000r\000a\000r\000i\000e\000s\000\040\000a\000s\000\040\000M\000o\000d\000e\000l\000\040\000C\000l\000a\000s\000s\000e\000s}{appendix.B}% 94
\BOOKMARK [2][-]{subsection.B.2}{\376\377\000S\000e\000l\000e\000c\000t\000o\000r\000\040\000F\000i\000e\000l\000d\000s\000\040\000a\000s\000\040\000M\000o\000d\000e\000l\000\040\000I\000n\000d\000e\000x\000\040\000E\000n\000c\000o\000d\000e\000r\000s}{appendix.B}% 95
\BOOKMARK [2][-]{subsection.B.3}{\376\377\000T\000o\000l\000e\000r\000a\000n\000c\000e\000\040\000M\000a\000n\000i\000f\000o\000l\000d\000\040\000a\000n\000d\000\040\000C\000h\000a\000n\000n\000e\000l\000\040\000C\000a\000p\000a\000c\000i\000t\000y}{appendix.B}% 96
\BOOKMARK [2][-]{subsection.B.4}{\376\377\000S\000e\000l\000e\000c\000t\000o\000r\000-\000F\000i\000e\000l\000d\000\040\000E\000f\000f\000i\000c\000i\000e\000n\000c\000y}{appendix.B}% 97
\BOOKMARK [2][-]{subsection.B.5}{\376\377\000D\000i\000s\000t\000r\000i\000b\000u\000t\000e\000d\000\040\000M\000o\000d\000e\000l\000\040\000S\000t\000a\000b\000i\000l\000i\000t\000y}{appendix.B}% 98
\BOOKMARK [2][-]{subsection.B.6}{\376\377\000C\000o\000n\000c\000l\000u\000s\000i\000o\000n\000\040\000o\000f\000\040\000T\000e\000c\000h\000n\000i\000c\000a\000l\000\040\000F\000o\000r\000m\000a\000l\000i\000s\000m}{appendix.B}% 99
\BOOKMARK [1][-]{appendix.C}{\376\377\000C\000a\000t\000e\000g\000o\000r\000i\000c\000a\000l\000\040\000F\000o\000r\000m\000u\000l\000a\000t\000i\000o\000n\000\040\000o\000f\000\040\000S\000e\000l\000e\000c\000t\000o\000r\000\040\000F\000i\000e\000l\000d\000s}{}% 100
\BOOKMARK [2][-]{subsection.C.1}{\376\377\000T\000h\000e\000\040\000C\000a\000t\000e\000g\000o\000r\000y\000\040\000o\000f\000\040\000T\000o\000l\000e\000r\000a\000n\000c\000e\000\040\000C\000o\000n\000f\000i\000g\000u\000r\000a\000t\000i\000o\000n\000s}{appendix.C}% 101
\BOOKMARK [2][-]{subsection.C.2}{\376\377\000T\000h\000e\000\040\000C\000a\000t\000e\000g\000o\000r\000y\000\040\000o\000f\000\040\000T\000e\000m\000p\000l\000a\000t\000e\000s}{appendix.C}% 102
\BOOKMARK [2][-]{subsection.C.3}{\376\377\000S\000e\000l\000e\000c\000t\000o\000r\000\040\000F\000i\000e\000l\000d\000s\000\040\000a\000s\000\040\000F\000u\000n\000c\000t\000o\000r\000s}{appendix.C}% 103
\BOOKMARK [2][-]{subsection.C.4}{\376\377\000F\000u\000n\000c\000t\000o\000r\000i\000a\000l\000\040\000S\000t\000a\000b\000i\000l\000i\000t\000y}{appendix.C}% 104
\BOOKMARK [2][-]{subsection.C.5}{\376\377\000R\000e\000c\000o\000v\000e\000r\000a\000b\000i\000l\000i\000t\000y\000\040\000a\000s\000\040\000F\000a\000i\000t\000h\000f\000u\000l\000n\000e\000s\000s}{appendix.C}% 105
\BOOKMARK [2][-]{subsection.C.6}{\376\377\000D\000i\000s\000t\000r\000i\000b\000u\000t\000e\000d\000\040\000G\000r\000a\000m\000m\000a\000r\000s\000\040\000a\000s\000\040\000C\000o\000l\000i\000m\000i\000t\000s}{appendix.C}% 106
\BOOKMARK [2][-]{subsection.C.7}{\376\377\000A\000l\000i\000g\000n\000m\000e\000n\000t\000\040\000a\000s\000\040\000N\000a\000t\000u\000r\000a\000l\000\040\000T\000r\000a\000n\000s\000f\000o\000r\000m\000a\000t\000i\000o\000n\000\040\000C\000o\000n\000s\000t\000r\000a\000i\000n\000t}{appendix.C}% 107
\BOOKMARK [2][-]{subsection.C.8}{\376\377\000C\000a\000t\000e\000g\000o\000r\000i\000c\000a\000l\000\040\000I\000n\000t\000e\000r\000p\000r\000e\000t\000a\000t\000i\000o\000n\000\040\000o\000f\000\040\000I\000n\000c\000o\000m\000p\000r\000e\000s\000s\000i\000b\000i\000l\000i\000t\000y}{appendix.C}% 108
\BOOKMARK [1][-]{appendix.D}{\376\377\000S\000h\000e\000a\000f\000-\000T\000h\000e\000o\000r\000e\000t\000i\000c\000\040\000I\000n\000t\000e\000r\000p\000r\000e\000t\000a\000t\000i\000o\000n\000:\000\040\000H\000o\000l\000o\000g\000r\000a\000p\000h\000i\000c\000\040\000S\000t\000e\000g\000a\000n\000o\000g\000r\000a\000p\000h\000y\000\040\000A\000c\000r\000o\000s\000s\000\040\000S\000c\000a\000l\000e\000s}{}% 109
\BOOKMARK [2][-]{subsection.D.1}{\376\377\000O\000b\000s\000e\000r\000v\000a\000t\000i\000o\000n\000\040\000P\000a\000t\000c\000h\000e\000s\000\040\000a\000n\000d\000\040\000M\000u\000l\000t\000i\000s\000c\000a\000l\000e\000\040\000C\000o\000v\000e\000r\000i\000n\000g\000s}{appendix.D}% 110
\BOOKMARK [2][-]{subsection.D.2}{\376\377\000T\000h\000e\000\040\000S\000h\000e\000a\000f\000\040\000o\000f\000\040\000I\000n\000s\000t\000r\000u\000c\000t\000i\000o\000n\000s}{appendix.D}% 111
\BOOKMARK [2][-]{subsection.D.3}{\376\377\000R\000e\000d\000u\000n\000d\000a\000n\000c\000y\000\040\000a\000s\000\040\000M\000u\000l\000t\000i\000s\000c\000a\000l\000e\000\040\000S\000e\000c\000t\000i\000o\000n\000s}{appendix.D}% 112
\BOOKMARK [2][-]{subsection.D.4}{\376\377\000T\000h\000e\000\040\000S\000h\000e\000a\000f\000\040\000o\000f\000\040\000I\000n\000t\000e\000r\000p\000r\000e\000t\000e\000r\000s}{appendix.D}% 113
\BOOKMARK [2][-]{subsection.D.5}{\376\377\000B\000o\000o\000t\000s\000t\000r\000a\000p\000p\000i\000n\000g\000\040\000a\000s\000\040\000M\000u\000t\000u\000a\000l\000\040\000G\000l\000u\000i\000n\000g}{appendix.D}% 114
\BOOKMARK [2][-]{subsection.D.6}{\376\377\000D\000a\000m\000a\000g\000e\000,\000\040\000A\000m\000b\000i\000g\000u\000i\000t\000y\000,\000\040\000a\000n\000d\000\040\000C\000o\000h\000o\000m\000o\000l\000o\000g\000i\000c\000a\000l\000\040\000O\000b\000s\000t\000r\000u\000c\000t\000i\000o\000n\000s}{appendix.D}% 115
\BOOKMARK [2][-]{subsection.D.7}{\376\377\000H\000o\000l\000o\000g\000r\000a\000p\000h\000i\000c\000\040\000S\000t\000e\000g\000a\000n\000o\000g\000r\000a\000p\000h\000y\000\040\000P\000r\000i\000n\000c\000i\000p\000l\000e}{appendix.D}% 116
